0 info it worked if it ends with ok
1 verbose cli [ '/usr/bin/nodejs', '/usr/bin/npm', 'install' ]
2 info using npm@3.10.9
3 info using node@v7.1.0
4 silly loadCurrentTree Starting
5 silly install loadCurrentTree
6 silly install readLocalPackageData
7 silly install normalizeTree
8 silly loadCurrentTree Finishing
9 silly loadIdealTree Starting
10 silly install loadIdealTree
11 silly cloneCurrentTree Starting
12 silly install cloneCurrentTreeToIdealTree
13 silly cloneCurrentTree Finishing
14 silly loadShrinkwrap Starting
15 silly install loadShrinkwrap
16 silly loadShrinkwrap Finishing
17 silly loadAllDepsIntoIdealTree Starting
18 silly install loadAllDepsIntoIdealTree
19 silly fetchNamedPackageData fsevents
20 silly mapToRegistry name fsevents
21 silly mapToRegistry using default registry
22 silly mapToRegistry registry https://registry.npmjs.org/
23 silly mapToRegistry data Result {
23 silly mapToRegistry   raw: 'fsevents',
23 silly mapToRegistry   scope: null,
23 silly mapToRegistry   escapedName: 'fsevents',
23 silly mapToRegistry   name: 'fsevents',
23 silly mapToRegistry   rawSpec: '',
23 silly mapToRegistry   spec: 'latest',
23 silly mapToRegistry   type: 'tag' }
24 silly mapToRegistry uri https://registry.npmjs.org/fsevents
25 verbose request uri https://registry.npmjs.org/fsevents
26 verbose request no auth needed
27 info attempt registry request try #1 at 17:45:32
28 verbose request id 512a5b9f687a17d0
29 verbose etag W/"589200da-c24f"
30 verbose lastModified Wed, 01 Feb 2017 15:38:02 GMT
31 http request GET https://registry.npmjs.org/fsevents
32 http 200 https://registry.npmjs.org/fsevents
33 verbose headers { server: 'nginx/1.10.1',
33 verbose headers   'content-type': 'application/json',
33 verbose headers   'last-modified': 'Sun, 05 Feb 2017 10:01:16 GMT',
33 verbose headers   etag: 'W/"5896f7ec-c263"',
33 verbose headers   'content-encoding': 'gzip',
33 verbose headers   'cache-control': 'max-age=300',
33 verbose headers   'content-length': '6244',
33 verbose headers   'accept-ranges': 'bytes',
33 verbose headers   date: 'Mon, 06 Feb 2017 14:45:42 GMT',
33 verbose headers   via: '1.1 varnish',
33 verbose headers   age: '47',
33 verbose headers   connection: 'keep-alive',
33 verbose headers   'x-served-by': 'cache-fra1250-FRA',
33 verbose headers   'x-cache': 'HIT',
33 verbose headers   'x-cache-hits': '3',
33 verbose headers   'x-timer': 'S1486392342.103298,VS0,VE0',
33 verbose headers   vary: 'Accept-Encoding' }
34 silly get cb [ 200,
34 silly get   { server: 'nginx/1.10.1',
34 silly get     'content-type': 'application/json',
34 silly get     'last-modified': 'Sun, 05 Feb 2017 10:01:16 GMT',
34 silly get     etag: 'W/"5896f7ec-c263"',
34 silly get     'content-encoding': 'gzip',
34 silly get     'cache-control': 'max-age=300',
34 silly get     'content-length': '6244',
34 silly get     'accept-ranges': 'bytes',
34 silly get     date: 'Mon, 06 Feb 2017 14:45:42 GMT',
34 silly get     via: '1.1 varnish',
34 silly get     age: '47',
34 silly get     connection: 'keep-alive',
34 silly get     'x-served-by': 'cache-fra1250-FRA',
34 silly get     'x-cache': 'HIT',
34 silly get     'x-cache-hits': '3',
34 silly get     'x-timer': 'S1486392342.103298,VS0,VE0',
34 silly get     vary: 'Accept-Encoding' } ]
35 verbose get saving fsevents to /home/debuser/.npm/registry.npmjs.org/fsevents/.cache.json
36 verbose correctMkdir /home/debuser/.npm correctMkdir not in flight; initializing
37 silly resolveWithNewModule fsevents@1.0.17 checking installable status
38 silly loadAllDepsIntoIdealTree Finishing
39 silly loadIdealTree Finishing
40 silly currentTree LunchApp@1.0.0
40 silly currentTree ├── @angular/common@2.4.5
40 silly currentTree ├── @angular/compiler@2.4.5
40 silly currentTree ├── @angular/core@2.4.5
40 silly currentTree ├── @angular/forms@2.4.5
40 silly currentTree ├── @angular/http@2.4.5
40 silly currentTree ├── @angular/platform-browser-dynamic@2.4.5
40 silly currentTree ├── @angular/platform-browser@2.4.5
40 silly currentTree ├── @angular/router@3.4.5
40 silly currentTree ├── @types/jasmine@2.5.41
40 silly currentTree ├── @types/node@6.0.62
40 silly currentTree ├── @types/q@0.0.32
40 silly currentTree ├── @types/selenium-webdriver@2.53.37
40 silly currentTree ├── abbrev@1.0.9
40 silly currentTree ├── accepts@1.3.3
40 silly currentTree ├── acorn-jsx@3.0.1
40 silly currentTree ├── acorn-object-spread@1.0.0
40 silly currentTree ├── acorn@3.3.0
40 silly currentTree ├── adm-zip@0.4.7
40 silly currentTree ├── after@0.8.1
40 silly currentTree ├─┬ agent-base@2.0.1
40 silly currentTree │ └── semver@5.0.3
40 silly currentTree ├── angular-in-memory-web-api@0.2.4
40 silly currentTree ├── ansi-regex@0.2.1
40 silly currentTree ├── ansi-styles@1.1.0
40 silly currentTree ├── anymatch@1.3.0
40 silly currentTree ├── aproba@1.0.4
40 silly currentTree ├── are-we-there-yet@1.1.2
40 silly currentTree ├── arr-diff@2.0.0
40 silly currentTree ├── arr-flatten@1.0.1
40 silly currentTree ├── array-find-index@1.0.2
40 silly currentTree ├── array-slice@0.2.3
40 silly currentTree ├── array-union@1.0.2
40 silly currentTree ├── array-uniq@1.0.3
40 silly currentTree ├── array-unique@0.2.1
40 silly currentTree ├── arraybuffer.slice@0.0.6
40 silly currentTree ├── arrify@1.0.1
40 silly currentTree ├── asn1@0.2.3
40 silly currentTree ├── assert-plus@0.2.0
40 silly currentTree ├── async-each-series@0.1.1
40 silly currentTree ├── async-each@1.0.1
40 silly currentTree ├── async-foreach@0.1.3
40 silly currentTree ├── async@0.9.0
40 silly currentTree ├── asynckit@0.4.0
40 silly currentTree ├── aws-sign2@0.6.0
40 silly currentTree ├── aws4@1.5.0
40 silly currentTree ├── backo2@1.0.2
40 silly currentTree ├── balanced-match@0.4.2
40 silly currentTree ├── base64-arraybuffer@0.1.5
40 silly currentTree ├── base64id@0.1.0
40 silly currentTree ├── batch@0.5.3
40 silly currentTree ├── bcrypt-pbkdf@1.0.0
40 silly currentTree ├── better-assert@1.0.2
40 silly currentTree ├── big.js@3.1.3
40 silly currentTree ├── binary-extensions@1.8.0
40 silly currentTree ├── blob@0.0.4
40 silly currentTree ├── block-stream@0.0.9
40 silly currentTree ├── bluebird@2.9.6
40 silly currentTree ├─┬ body-parser@1.16.0
40 silly currentTree │ ├── debug@2.6.0
40 silly currentTree │ ├── ms@0.7.2
40 silly currentTree │ └── qs@6.2.1
40 silly currentTree ├── boom@2.10.1
40 silly currentTree ├── brace-expansion@1.1.6
40 silly currentTree ├── braces@1.8.5
40 silly currentTree ├── browser-sync-client@2.4.4
40 silly currentTree ├── browser-sync-ui@0.6.2
40 silly currentTree ├─┬ browser-sync@2.18.6
40 silly currentTree │ ├── accepts@1.3.3
40 silly currentTree │ ├── base64-arraybuffer@0.1.5
40 silly currentTree │ ├── debug@2.3.3
40 silly currentTree │ ├─┬ engine.io-client@1.8.0
40 silly currentTree │ │ └── component-emitter@1.2.1
40 silly currentTree │ ├─┬ engine.io-parser@1.3.1
40 silly currentTree │ │ └── has-binary@0.1.6
40 silly currentTree │ ├── engine.io@1.8.0
40 silly currentTree │ ├── http-proxy@1.15.2
40 silly currentTree │ ├── isarray@0.0.1
40 silly currentTree │ ├── json3@3.3.2
40 silly currentTree │ ├── ms@0.7.2
40 silly currentTree │ ├── negotiator@0.6.1
40 silly currentTree │ ├── parsejson@0.0.3
40 silly currentTree │ ├── parseqs@0.0.5
40 silly currentTree │ ├── parseuri@0.0.5
40 silly currentTree │ ├── qs@6.2.1
40 silly currentTree │ ├── rx@4.1.0
40 silly currentTree │ ├── socket.io-adapter@0.5.0
40 silly currentTree │ ├─┬ socket.io-client@1.6.0
40 silly currentTree │ │ └── component-emitter@1.2.1
40 silly currentTree │ ├─┬ socket.io-parser@2.3.1
40 silly currentTree │ │ ├── debug@2.2.0
40 silly currentTree │ │ └── ms@0.7.1
40 silly currentTree │ ├── socket.io@1.6.0
40 silly currentTree │ ├── ws@1.1.1
40 silly currentTree │ └── xmlhttprequest-ssl@1.5.3
40 silly currentTree ├── bs-recipes@1.3.4
40 silly currentTree ├─┬ buble@0.12.5
40 silly currentTree │ ├── ansi-regex@2.0.0
40 silly currentTree │ ├── ansi-styles@2.2.1
40 silly currentTree │ ├── chalk@1.1.3
40 silly currentTree │ ├── has-ansi@2.0.0
40 silly currentTree │ ├── strip-ansi@3.0.1
40 silly currentTree │ └── supports-color@2.0.0
40 silly currentTree ├── bubleify@0.5.1
40 silly currentTree ├── buffer-shims@1.0.0
40 silly currentTree ├── builtin-modules@1.1.1
40 silly currentTree ├── bytes@2.4.0
40 silly currentTree ├── callsite@1.0.0
40 silly currentTree ├─┬ camelcase-keys@2.1.0
40 silly currentTree │ └── camelcase@2.1.1
40 silly currentTree ├── camelcase@1.2.1
40 silly currentTree ├── canonical-path@0.0.2
40 silly currentTree ├── caseless@0.11.0
40 silly currentTree ├── chalk@0.5.1
40 silly currentTree ├── chokidar@1.6.1
40 silly currentTree ├─┬ cliui@3.2.0
40 silly currentTree │ ├── ansi-regex@2.0.0
40 silly currentTree │ └── strip-ansi@3.0.1
40 silly currentTree ├── code-point-at@1.1.0
40 silly currentTree ├── colors@1.0.3
40 silly currentTree ├── combine-lists@1.0.1
40 silly currentTree ├── combined-stream@1.0.5
40 silly currentTree ├── commander@2.6.0
40 silly currentTree ├── component-bind@1.0.0
40 silly currentTree ├── component-emitter@1.1.2
40 silly currentTree ├── component-inherit@0.0.3
40 silly currentTree ├── concat-map@0.0.1
40 silly currentTree ├── concurrently@3.1.0
40 silly currentTree ├── connect-history-api-fallback@1.3.0
40 silly currentTree ├── connect-logger@0.0.1
40 silly currentTree ├── connect@3.5.0
40 silly currentTree ├── console-control-strings@1.1.0
40 silly currentTree ├── content-type@1.0.2
40 silly currentTree ├── cookie@0.3.1
40 silly currentTree ├── core-js@2.4.1
40 silly currentTree ├── core-util-is@1.0.2
40 silly currentTree ├── corser@2.0.1
40 silly currentTree ├─┬ cross-spawn@3.0.1
40 silly currentTree │ └── lru-cache@4.0.2
40 silly currentTree ├── cryptiles@2.0.5
40 silly currentTree ├── currently-unhandled@0.4.1
40 silly currentTree ├── custom-event@1.0.1
40 silly currentTree ├── d@0.1.1
40 silly currentTree ├─┬ dashdash@1.14.1
40 silly currentTree │ └── assert-plus@1.0.0
40 silly currentTree ├── debug@2.2.0
40 silly currentTree ├── decamelize@1.2.0
40 silly currentTree ├── del@2.2.2
40 silly currentTree ├── delayed-stream@1.0.0
40 silly currentTree ├── delegates@1.0.0
40 silly currentTree ├── depd@1.1.0
40 silly currentTree ├── destroy@1.0.4
40 silly currentTree ├── dev-ip@1.0.1
40 silly currentTree ├── di@0.0.1
40 silly currentTree ├── diff@2.2.3
40 silly currentTree ├── dom-serialize@2.2.1
40 silly currentTree ├─┬ easy-extender@2.3.2
40 silly currentTree │ └── lodash@3.10.1
40 silly currentTree ├── eazy-logger@3.0.2
40 silly currentTree ├── ecc-jsbn@0.1.1
40 silly currentTree ├── ecstatic@1.4.1
40 silly currentTree ├── ee-first@1.1.1
40 silly currentTree ├── emitter-steward@1.0.0
40 silly currentTree ├── emojis-list@2.1.0
40 silly currentTree ├── encodeurl@1.0.1
40 silly currentTree ├─┬ engine.io-client@1.8.2
40 silly currentTree │ ├── component-emitter@1.2.1
40 silly currentTree │ ├── debug@2.3.3
40 silly currentTree │ ├── ms@0.7.2
40 silly currentTree │ └── ws@1.1.1
40 silly currentTree ├─┬ engine.io-parser@1.3.2
40 silly currentTree │ └── after@0.8.2
40 silly currentTree ├─┬ engine.io@1.8.2
40 silly currentTree │ ├── base64id@1.0.0
40 silly currentTree │ ├── debug@2.3.3
40 silly currentTree │ ├── ms@0.7.2
40 silly currentTree │ └── ws@1.1.1
40 silly currentTree ├── ent@2.2.0
40 silly currentTree ├── error-ex@1.3.0
40 silly currentTree ├── es5-ext@0.10.12
40 silly currentTree ├── es6-iterator@2.0.0
40 silly currentTree ├── es6-symbol@3.1.0
40 silly currentTree ├── escape-html@1.0.3
40 silly currentTree ├── escape-string-regexp@1.0.5
40 silly currentTree ├── etag@1.7.0
40 silly currentTree ├── eventemitter3@1.2.0
40 silly currentTree ├── exit@0.1.2
40 silly currentTree ├─┬ expand-braces@0.1.2
40 silly currentTree │ ├── braces@0.1.5
40 silly currentTree │ ├── expand-range@0.1.1
40 silly currentTree │ ├── is-number@0.1.1
40 silly currentTree │ └── repeat-string@0.2.2
40 silly currentTree ├── expand-brackets@0.1.5
40 silly currentTree ├── expand-range@1.8.2
40 silly currentTree ├─┬ express@2.5.11
40 silly currentTree │ ├── connect@1.9.2
40 silly currentTree │ ├── mime@1.2.4
40 silly currentTree │ ├── mkdirp@0.3.0
40 silly currentTree │ └── qs@0.4.2
40 silly currentTree ├── extend@3.0.0
40 silly currentTree ├── extglob@0.3.2
40 silly currentTree ├── extsprintf@1.0.2
40 silly currentTree ├── filename-regex@2.0.0
40 silly currentTree ├── fill-range@2.2.3
40 silly currentTree ├── finalhandler@0.5.0
40 silly currentTree ├── find-up@1.1.2
40 silly currentTree ├─┬ findup-sync@0.3.0
40 silly currentTree │ └── glob@5.0.15
40 silly currentTree ├── for-in@0.1.6
40 silly currentTree ├── for-own@0.1.4
40 silly currentTree ├── forever-agent@0.6.1
40 silly currentTree ├── form-data@2.1.2
40 silly currentTree ├── formidable@1.0.17
40 silly currentTree ├── fresh@0.3.0
40 silly currentTree ├── fs-access@1.0.1
40 silly currentTree ├── fs-extra@1.0.0
40 silly currentTree ├── fs.realpath@1.0.0
40 silly currentTree ├── fstream@1.0.10
40 silly currentTree ├─┬ gauge@2.7.2
40 silly currentTree │ ├── ansi-regex@2.1.1
40 silly currentTree │ └── strip-ansi@3.0.1
40 silly currentTree ├── gaze@1.1.2
40 silly currentTree ├── generate-function@2.0.0
40 silly currentTree ├── generate-object-property@1.2.0
40 silly currentTree ├── get-caller-file@1.0.2
40 silly currentTree ├── get-stdin@4.0.1
40 silly currentTree ├─┬ getpass@0.1.6
40 silly currentTree │ └── assert-plus@1.0.0
40 silly currentTree ├── glob-base@0.3.0
40 silly currentTree ├── glob-parent@2.0.0
40 silly currentTree ├── glob@7.1.1
40 silly currentTree ├── globby@5.0.0
40 silly currentTree ├─┬ globule@1.1.0
40 silly currentTree │ └── lodash@4.16.6
40 silly currentTree ├── graceful-fs@4.1.11
40 silly currentTree ├── graceful-readlink@1.0.1
40 silly currentTree ├─┬ har-validator@2.0.6
40 silly currentTree │ ├── ansi-regex@2.0.0
40 silly currentTree │ ├── ansi-styles@2.2.1
40 silly currentTree │ ├── chalk@1.1.3
40 silly currentTree │ ├── commander@2.9.0
40 silly currentTree │ ├── has-ansi@2.0.0
40 silly currentTree │ ├── strip-ansi@3.0.1
40 silly currentTree │ └── supports-color@2.0.0
40 silly currentTree ├── has-ansi@0.1.0
40 silly currentTree ├─┬ has-binary@0.1.7
40 silly currentTree │ └── isarray@0.0.1
40 silly currentTree ├── has-cors@1.1.0
40 silly currentTree ├── has-unicode@2.0.1
40 silly currentTree ├── hawk@3.1.3
40 silly currentTree ├── he@0.5.0
40 silly currentTree ├── hoek@2.16.3
40 silly currentTree ├── hosted-git-info@2.1.5
40 silly currentTree ├── http-errors@1.5.1
40 silly currentTree ├── http-proxy@1.16.2
40 silly currentTree ├── http-server@0.9.0
40 silly currentTree ├── http-signature@1.1.1
40 silly currentTree ├── https-proxy-agent@1.0.0
40 silly currentTree ├── iconv-lite@0.4.15
40 silly currentTree ├── immutable@3.8.1
40 silly currentTree ├── in-publish@2.0.0
40 silly currentTree ├── indent-string@2.1.0
40 silly currentTree ├── indexof@0.0.1
40 silly currentTree ├── inflight@1.0.6
40 silly currentTree ├── inherits@2.0.3
40 silly currentTree ├── ini@1.3.4
40 silly currentTree ├── invert-kv@1.0.0
40 silly currentTree ├── is-arrayish@0.2.1
40 silly currentTree ├── is-binary-path@1.0.1
40 silly currentTree ├── is-buffer@1.1.4
40 silly currentTree ├── is-builtin-module@1.0.0
40 silly currentTree ├── is-dotfile@1.0.2
40 silly currentTree ├── is-equal-shallow@0.1.3
40 silly currentTree ├── is-extendable@0.1.1
40 silly currentTree ├── is-extglob@1.0.0
40 silly currentTree ├── is-finite@1.0.2
40 silly currentTree ├── is-fullwidth-code-point@1.0.0
40 silly currentTree ├── is-glob@2.0.1
40 silly currentTree ├── is-my-json-valid@2.15.0
40 silly currentTree ├── is-number-like@1.0.7
40 silly currentTree ├── is-number@2.1.0
40 silly currentTree ├── is-path-cwd@1.0.0
40 silly currentTree ├── is-path-in-cwd@1.0.0
40 silly currentTree ├── is-path-inside@1.0.0
40 silly currentTree ├── is-posix-bracket@0.1.1
40 silly currentTree ├── is-primitive@2.0.0
40 silly currentTree ├── is-property@1.0.2
40 silly currentTree ├── is-typedarray@1.0.0
40 silly currentTree ├── is-utf8@0.2.1
40 silly currentTree ├── isarray@1.0.0
40 silly currentTree ├── isbinaryfile@3.0.2
40 silly currentTree ├── isexe@1.1.2
40 silly currentTree ├── isobject@2.1.0
40 silly currentTree ├── isstream@0.1.2
40 silly currentTree ├── jasmine-core@2.4.1
40 silly currentTree ├─┬ jasmine@2.4.1
40 silly currentTree │ ├── glob@3.2.11
40 silly currentTree │ └── minimatch@0.3.0
40 silly currentTree ├── jasminewd2@0.0.10
40 silly currentTree ├── jodid25519@1.0.2
40 silly currentTree ├── jsbn@0.1.0
40 silly currentTree ├── json-schema@0.2.3
40 silly currentTree ├── json-stringify-safe@5.0.1
40 silly currentTree ├── json3@3.3.2
40 silly currentTree ├── json5@0.5.1
40 silly currentTree ├── jsonfile@2.4.0
40 silly currentTree ├── jsonpointer@4.0.1
40 silly currentTree ├── jsprim@1.3.1
40 silly currentTree ├── karma-chrome-launcher@2.0.0
40 silly currentTree ├── karma-cli@1.0.1
40 silly currentTree ├── karma-jasmine-html-reporter@0.2.2
40 silly currentTree ├── karma-jasmine@1.1.0
40 silly currentTree ├─┬ karma@1.4.1
40 silly currentTree │ ├── bluebird@3.4.7
40 silly currentTree │ ├── colors@1.1.2
40 silly currentTree │ └── lodash@3.10.1
40 silly currentTree ├── kind-of@3.1.0
40 silly currentTree ├── klaw@1.3.1
40 silly currentTree ├── lcid@1.0.0
40 silly currentTree ├── limiter@1.1.0
40 silly currentTree ├── lite-server@2.2.2
40 silly currentTree ├── load-json-file@1.1.0
40 silly currentTree ├── loader-utils@0.2.16
40 silly currentTree ├─┬ localtunnel@1.8.2
40 silly currentTree │ └── yargs@3.29.0
40 silly currentTree ├── lodash.assign@4.2.0
40 silly currentTree ├── lodash.clonedeep@4.5.0
40 silly currentTree ├── lodash.isfinite@3.3.2
40 silly currentTree ├── lodash.mergewith@4.6.0
40 silly currentTree ├── lodash@4.17.4
40 silly currentTree ├─┬ log4js@0.6.38
40 silly currentTree │ ├── isarray@0.0.1
40 silly currentTree │ └── readable-stream@1.0.34
40 silly currentTree ├── loud-rejection@1.6.0
40 silly currentTree ├── lru-cache@2.2.4
40 silly currentTree ├── magic-string@0.14.0
40 silly currentTree ├── map-obj@1.0.1
40 silly currentTree ├── media-typer@0.3.0
40 silly currentTree ├── meow@3.7.0
40 silly currentTree ├── micromatch@2.3.11
40 silly currentTree ├── mime-db@1.25.0
40 silly currentTree ├── mime-types@2.1.13
40 silly currentTree ├── mime@1.3.4
40 silly currentTree ├── minimatch@3.0.3
40 silly currentTree ├── minimist@1.2.0
40 silly currentTree ├─┬ mkdirp@0.5.1
40 silly currentTree │ └── minimist@0.0.8
40 silly currentTree ├── moment@2.17.1
40 silly currentTree ├── ms@0.7.1
40 silly currentTree ├── nan@2.5.1
40 silly currentTree ├── negotiator@0.6.1
40 silly currentTree ├── ngx-dropdown@0.0.22
40 silly currentTree ├── node-gyp@3.5.0
40 silly currentTree ├─┬ node-sass@4.5.0
40 silly currentTree │ ├── ansi-regex@2.1.1
40 silly currentTree │ ├── ansi-styles@2.2.1
40 silly currentTree │ ├── chalk@1.1.3
40 silly currentTree │ ├── has-ansi@2.0.0
40 silly currentTree │ ├── strip-ansi@3.0.1
40 silly currentTree │ └── supports-color@2.0.0
40 silly currentTree ├── node-uuid@1.4.7
40 silly currentTree ├── nopt@3.0.6
40 silly currentTree ├── normalize-package-data@2.3.5
40 silly currentTree ├── normalize-path@2.0.1
40 silly currentTree ├── npmlog@4.0.2
40 silly currentTree ├── null-check@1.0.0
40 silly currentTree ├── number-is-nan@1.0.1
40 silly currentTree ├── oauth-sign@0.8.2
40 silly currentTree ├── object-assign@4.1.0
40 silly currentTree ├── object-component@0.0.3
40 silly currentTree ├── object-path@0.9.2
40 silly currentTree ├── object.omit@2.0.1
40 silly currentTree ├── on-finished@2.3.0
40 silly currentTree ├── once@1.4.0
40 silly currentTree ├── opener@1.4.2
40 silly currentTree ├── openurl@1.1.0
40 silly currentTree ├── opn@4.0.2
40 silly currentTree ├─┬ optimist@0.6.1
40 silly currentTree │ └── minimist@0.0.10
40 silly currentTree ├── options@0.0.6
40 silly currentTree ├── os-homedir@1.0.2
40 silly currentTree ├── os-locale@1.4.0
40 silly currentTree ├── os-tmpdir@1.0.2
40 silly currentTree ├── osenv@0.1.4
40 silly currentTree ├── parse-glob@3.0.4
40 silly currentTree ├── parse-json@2.2.0
40 silly currentTree ├── parsejson@0.0.3
40 silly currentTree ├── parseqs@0.0.5
40 silly currentTree ├── parseuri@0.0.5
40 silly currentTree ├── parseurl@1.3.1
40 silly currentTree ├── path-exists@2.1.0
40 silly currentTree ├── path-is-absolute@1.0.1
40 silly currentTree ├── path-is-inside@1.0.2
40 silly currentTree ├── path-type@1.1.0
40 silly currentTree ├── pify@2.3.0
40 silly currentTree ├── pinkie-promise@2.0.1
40 silly currentTree ├── pinkie@2.0.4
40 silly currentTree ├── portfinder@0.4.0
40 silly currentTree ├─┬ portscanner@2.1.1
40 silly currentTree │ └── async@1.5.2
40 silly currentTree ├── preserve@0.2.0
40 silly currentTree ├── process-nextick-args@1.0.7
40 silly currentTree ├─┬ protractor@4.0.14
40 silly currentTree │ ├── ansi-regex@2.0.0
40 silly currentTree │ ├── ansi-styles@2.2.1
40 silly currentTree │ ├── chalk@1.1.3
40 silly currentTree │ ├── has-ansi@2.0.0
40 silly currentTree │ ├── semver@5.3.0
40 silly currentTree │ ├── strip-ansi@3.0.1
40 silly currentTree │ ├── supports-color@2.0.0
40 silly currentTree │ └── webdriver-manager@10.3.0
40 silly currentTree ├── pseudomap@1.0.2
40 silly currentTree ├── punycode@1.4.1
40 silly currentTree ├── q@1.4.1
40 silly currentTree ├── qjobs@1.1.5
40 silly currentTree ├── qs@2.3.3
40 silly currentTree ├── randomatic@1.1.6
40 silly currentTree ├── range-parser@1.2.0
40 silly currentTree ├── raw-body@2.2.0
40 silly currentTree ├── raw-loader@0.5.1
40 silly currentTree ├── read-pkg-up@1.0.1
40 silly currentTree ├── read-pkg@1.1.0
40 silly currentTree ├── readable-stream@2.2.2
40 silly currentTree ├── readdirp@2.1.0
40 silly currentTree ├── redent@1.0.0
40 silly currentTree ├── reflect-metadata@0.1.9
40 silly currentTree ├── regex-cache@0.4.3
40 silly currentTree ├── repeat-element@1.1.2
40 silly currentTree ├── repeat-string@1.6.1
40 silly currentTree ├── repeating@2.0.1
40 silly currentTree ├─┬ request@2.78.0
40 silly currentTree │ └── qs@6.3.0
40 silly currentTree ├── require-directory@2.1.1
40 silly currentTree ├── require-main-filename@1.0.1
40 silly currentTree ├── requires-port@1.0.0
40 silly currentTree ├── resolve@1.2.0
40 silly currentTree ├── resp-modifier@6.0.2
40 silly currentTree ├── rimraf@2.5.4
40 silly currentTree ├── rx@2.3.24
40 silly currentTree ├── rxjs@5.0.1
40 silly currentTree ├── safe-buffer@5.0.1
40 silly currentTree ├─┬ sass-graph@2.1.2
40 silly currentTree │ ├── camelcase@3.0.0
40 silly currentTree │ ├── window-size@0.2.0
40 silly currentTree │ ├── yargs-parser@2.4.1
40 silly currentTree │ └── yargs@4.8.1
40 silly currentTree ├─┬ sass-loader@4.1.1
40 silly currentTree │ └── async@2.1.4
40 silly currentTree ├── saucelabs@1.3.0
40 silly currentTree ├── sax@0.6.1
40 silly currentTree ├─┬ selenium-webdriver@2.53.3
40 silly currentTree │ ├── adm-zip@0.4.4
40 silly currentTree │ └── tmp@0.0.24
40 silly currentTree ├── semver@4.3.6
40 silly currentTree ├── send@0.14.1
40 silly currentTree ├─┬ serve-index@1.8.0
40 silly currentTree │ ├── accepts@1.3.3
40 silly currentTree │ └── negotiator@0.6.1
40 silly currentTree ├── serve-static@1.11.1
40 silly currentTree ├── server-destroy@1.0.1
40 silly currentTree ├── set-blocking@2.0.0
40 silly currentTree ├── set-immediate-shim@1.0.1
40 silly currentTree ├── setprototypeof@1.0.2
40 silly currentTree ├── sigmund@1.0.1
40 silly currentTree ├── signal-exit@3.0.2
40 silly currentTree ├── sntp@1.0.9
40 silly currentTree ├─┬ socket.io-adapter@0.5.0
40 silly currentTree │ ├── debug@2.3.3
40 silly currentTree │ └── ms@0.7.2
40 silly currentTree ├─┬ socket.io-client@1.7.2
40 silly currentTree │ ├── component-emitter@1.2.1
40 silly currentTree │ ├── debug@2.3.3
40 silly currentTree │ └── ms@0.7.2
40 silly currentTree ├─┬ socket.io-parser@2.3.1
40 silly currentTree │ └── isarray@0.0.1
40 silly currentTree ├─┬ socket.io@1.7.2
40 silly currentTree │ ├── debug@2.3.3
40 silly currentTree │ └── ms@0.7.2
40 silly currentTree ├── source-map-support@0.4.8
40 silly currentTree ├── source-map@0.5.6
40 silly currentTree ├── spawn-default-shell@1.1.0
40 silly currentTree ├── spdx-correct@1.0.2
40 silly currentTree ├── spdx-expression-parse@1.0.4
40 silly currentTree ├── spdx-license-ids@1.2.2
40 silly currentTree ├── sprintf-js@1.0.3
40 silly currentTree ├─┬ sshpk@1.10.1
40 silly currentTree │ └── assert-plus@1.0.0
40 silly currentTree ├── statuses@1.3.1
40 silly currentTree ├── stdout-stream@1.4.0
40 silly currentTree ├── stream-throttle@0.1.3
40 silly currentTree ├── string_decoder@0.10.31
40 silly currentTree ├─┬ string-width@1.0.2
40 silly currentTree │ ├── ansi-regex@2.0.0
40 silly currentTree │ └── strip-ansi@3.0.1
40 silly currentTree ├── stringstream@0.0.5
40 silly currentTree ├── strip-ansi@0.3.0
40 silly currentTree ├── strip-bom@2.0.0
40 silly currentTree ├── strip-indent@1.0.1
40 silly currentTree ├── supports-color@0.2.0
40 silly currentTree ├── symbol-observable@1.0.4
40 silly currentTree ├── systemjs@0.19.40
40 silly currentTree ├── tar@2.2.1
40 silly currentTree ├─┬ tfunk@3.1.0
40 silly currentTree │ ├── ansi-regex@2.0.0
40 silly currentTree │ ├── ansi-styles@2.2.1
40 silly currentTree │ ├── chalk@1.1.3
40 silly currentTree │ ├── has-ansi@2.0.0
40 silly currentTree │ ├── strip-ansi@3.0.1
40 silly currentTree │ └── supports-color@2.0.0
40 silly currentTree ├── tmp@0.0.28
40 silly currentTree ├── to-array@0.1.4
40 silly currentTree ├── tough-cookie@2.3.2
40 silly currentTree ├── tree-kill@1.1.0
40 silly currentTree ├── trim-newlines@1.0.0
40 silly currentTree ├─┬ tslint@3.15.1
40 silly currentTree │ └── colors@1.1.2
40 silly currentTree ├── tunnel-agent@0.4.3
40 silly currentTree ├── tweetnacl@0.14.5
40 silly currentTree ├── type-is@1.6.14
40 silly currentTree ├── typescript@2.0.10
40 silly currentTree ├── ua-parser-js@0.7.12
40 silly currentTree ├── ultron@1.0.2
40 silly currentTree ├── underscore.string@3.3.4
40 silly currentTree ├── underscore@1.7.0
40 silly currentTree ├── union@0.4.6
40 silly currentTree ├── unpipe@1.0.0
40 silly currentTree ├── url-join@1.1.0
40 silly currentTree ├── useragent@2.1.11
40 silly currentTree ├── util-deprecate@1.0.2
40 silly currentTree ├── utils-merge@1.0.0
40 silly currentTree ├── validate-npm-package-license@3.0.1
40 silly currentTree ├── verror@1.3.6
40 silly currentTree ├── vlq@0.2.1
40 silly currentTree ├── void-elements@2.0.1
40 silly currentTree ├── weinre@2.0.0-pre-I0Z7U9OV
40 silly currentTree ├── when@3.7.7
40 silly currentTree ├── which-module@1.0.0
40 silly currentTree ├── which@1.2.12
40 silly currentTree ├── wide-align@1.1.0
40 silly currentTree ├── window-size@0.1.4
40 silly currentTree ├── wordwrap@0.0.3
40 silly currentTree ├─┬ wrap-ansi@2.1.0
40 silly currentTree │ ├── ansi-regex@2.0.0
40 silly currentTree │ └── strip-ansi@3.0.1
40 silly currentTree ├── wrappy@1.0.2
40 silly currentTree ├── ws@1.0.1
40 silly currentTree ├── wtf-8@1.0.0
40 silly currentTree ├── xml2js@0.4.4
40 silly currentTree ├── xmlbuilder@8.2.2
40 silly currentTree ├── xmlhttprequest-ssl@1.5.3
40 silly currentTree ├── xtend@4.0.1
40 silly currentTree ├── y18n@3.2.1
40 silly currentTree ├── yallist@2.0.0
40 silly currentTree ├─┬ yargs-parser@4.2.1
40 silly currentTree │ └── camelcase@3.0.0
40 silly currentTree ├─┬ yargs@6.4.0
40 silly currentTree │ ├── camelcase@3.0.0
40 silly currentTree │ └── window-size@0.2.0
40 silly currentTree ├── yeast@0.1.2
40 silly currentTree └── zone.js@0.7.6
41 silly idealTree LunchApp@1.0.0
41 silly idealTree ├── @angular/common@2.4.5
41 silly idealTree ├── @angular/compiler@2.4.5
41 silly idealTree ├── @angular/core@2.4.5
41 silly idealTree ├── @angular/forms@2.4.5
41 silly idealTree ├── @angular/http@2.4.5
41 silly idealTree ├── @angular/platform-browser-dynamic@2.4.5
41 silly idealTree ├── @angular/platform-browser@2.4.5
41 silly idealTree ├── @angular/router@3.4.5
41 silly idealTree ├── @types/jasmine@2.5.41
41 silly idealTree ├── @types/node@6.0.62
41 silly idealTree ├── @types/q@0.0.32
41 silly idealTree ├── @types/selenium-webdriver@2.53.37
41 silly idealTree ├── abbrev@1.0.9
41 silly idealTree ├── accepts@1.3.3
41 silly idealTree ├── acorn-jsx@3.0.1
41 silly idealTree ├── acorn-object-spread@1.0.0
41 silly idealTree ├── acorn@3.3.0
41 silly idealTree ├── adm-zip@0.4.7
41 silly idealTree ├── after@0.8.1
41 silly idealTree ├─┬ agent-base@2.0.1
41 silly idealTree │ └── semver@5.0.3
41 silly idealTree ├── angular-in-memory-web-api@0.2.4
41 silly idealTree ├── ansi-regex@0.2.1
41 silly idealTree ├── ansi-styles@1.1.0
41 silly idealTree ├── anymatch@1.3.0
41 silly idealTree ├── aproba@1.0.4
41 silly idealTree ├── are-we-there-yet@1.1.2
41 silly idealTree ├── arr-diff@2.0.0
41 silly idealTree ├── arr-flatten@1.0.1
41 silly idealTree ├── array-find-index@1.0.2
41 silly idealTree ├── array-slice@0.2.3
41 silly idealTree ├── array-union@1.0.2
41 silly idealTree ├── array-uniq@1.0.3
41 silly idealTree ├── array-unique@0.2.1
41 silly idealTree ├── arraybuffer.slice@0.0.6
41 silly idealTree ├── arrify@1.0.1
41 silly idealTree ├── asn1@0.2.3
41 silly idealTree ├── assert-plus@0.2.0
41 silly idealTree ├── async-each-series@0.1.1
41 silly idealTree ├── async-each@1.0.1
41 silly idealTree ├── async-foreach@0.1.3
41 silly idealTree ├── async@0.9.0
41 silly idealTree ├── asynckit@0.4.0
41 silly idealTree ├── aws-sign2@0.6.0
41 silly idealTree ├── aws4@1.5.0
41 silly idealTree ├── backo2@1.0.2
41 silly idealTree ├── balanced-match@0.4.2
41 silly idealTree ├── base64-arraybuffer@0.1.5
41 silly idealTree ├── base64id@0.1.0
41 silly idealTree ├── batch@0.5.3
41 silly idealTree ├── bcrypt-pbkdf@1.0.0
41 silly idealTree ├── better-assert@1.0.2
41 silly idealTree ├── big.js@3.1.3
41 silly idealTree ├── binary-extensions@1.8.0
41 silly idealTree ├── blob@0.0.4
41 silly idealTree ├── block-stream@0.0.9
41 silly idealTree ├── bluebird@2.9.6
41 silly idealTree ├─┬ body-parser@1.16.0
41 silly idealTree │ ├── debug@2.6.0
41 silly idealTree │ ├── ms@0.7.2
41 silly idealTree │ └── qs@6.2.1
41 silly idealTree ├── boom@2.10.1
41 silly idealTree ├── brace-expansion@1.1.6
41 silly idealTree ├── braces@1.8.5
41 silly idealTree ├── browser-sync-client@2.4.4
41 silly idealTree ├── browser-sync-ui@0.6.2
41 silly idealTree ├─┬ browser-sync@2.18.6
41 silly idealTree │ ├── accepts@1.3.3
41 silly idealTree │ ├── base64-arraybuffer@0.1.5
41 silly idealTree │ ├── debug@2.3.3
41 silly idealTree │ ├─┬ engine.io-client@1.8.0
41 silly idealTree │ │ └── component-emitter@1.2.1
41 silly idealTree │ ├─┬ engine.io-parser@1.3.1
41 silly idealTree │ │ └── has-binary@0.1.6
41 silly idealTree │ ├── engine.io@1.8.0
41 silly idealTree │ ├── http-proxy@1.15.2
41 silly idealTree │ ├── isarray@0.0.1
41 silly idealTree │ ├── json3@3.3.2
41 silly idealTree │ ├── ms@0.7.2
41 silly idealTree │ ├── negotiator@0.6.1
41 silly idealTree │ ├── parsejson@0.0.3
41 silly idealTree │ ├── parseqs@0.0.5
41 silly idealTree │ ├── parseuri@0.0.5
41 silly idealTree │ ├── qs@6.2.1
41 silly idealTree │ ├── rx@4.1.0
41 silly idealTree │ ├── socket.io-adapter@0.5.0
41 silly idealTree │ ├─┬ socket.io-client@1.6.0
41 silly idealTree │ │ └── component-emitter@1.2.1
41 silly idealTree │ ├─┬ socket.io-parser@2.3.1
41 silly idealTree │ │ ├── debug@2.2.0
41 silly idealTree │ │ └── ms@0.7.1
41 silly idealTree │ ├── socket.io@1.6.0
41 silly idealTree │ ├── ws@1.1.1
41 silly idealTree │ └── xmlhttprequest-ssl@1.5.3
41 silly idealTree ├── bs-recipes@1.3.4
41 silly idealTree ├─┬ buble@0.12.5
41 silly idealTree │ ├── ansi-regex@2.0.0
41 silly idealTree │ ├── ansi-styles@2.2.1
41 silly idealTree │ ├── chalk@1.1.3
41 silly idealTree │ ├── has-ansi@2.0.0
41 silly idealTree │ ├── strip-ansi@3.0.1
41 silly idealTree │ └── supports-color@2.0.0
41 silly idealTree ├── bubleify@0.5.1
41 silly idealTree ├── buffer-shims@1.0.0
41 silly idealTree ├── builtin-modules@1.1.1
41 silly idealTree ├── bytes@2.4.0
41 silly idealTree ├── callsite@1.0.0
41 silly idealTree ├─┬ camelcase-keys@2.1.0
41 silly idealTree │ └── camelcase@2.1.1
41 silly idealTree ├── camelcase@1.2.1
41 silly idealTree ├── canonical-path@0.0.2
41 silly idealTree ├── caseless@0.11.0
41 silly idealTree ├── chalk@0.5.1
41 silly idealTree ├── chokidar@1.6.1
41 silly idealTree ├─┬ cliui@3.2.0
41 silly idealTree │ ├── ansi-regex@2.0.0
41 silly idealTree │ └── strip-ansi@3.0.1
41 silly idealTree ├── code-point-at@1.1.0
41 silly idealTree ├── colors@1.0.3
41 silly idealTree ├── combine-lists@1.0.1
41 silly idealTree ├── combined-stream@1.0.5
41 silly idealTree ├── commander@2.6.0
41 silly idealTree ├── component-bind@1.0.0
41 silly idealTree ├── component-emitter@1.1.2
41 silly idealTree ├── component-inherit@0.0.3
41 silly idealTree ├── concat-map@0.0.1
41 silly idealTree ├── concurrently@3.1.0
41 silly idealTree ├── connect-history-api-fallback@1.3.0
41 silly idealTree ├── connect-logger@0.0.1
41 silly idealTree ├── connect@3.5.0
41 silly idealTree ├── console-control-strings@1.1.0
41 silly idealTree ├── content-type@1.0.2
41 silly idealTree ├── cookie@0.3.1
41 silly idealTree ├── core-js@2.4.1
41 silly idealTree ├── core-util-is@1.0.2
41 silly idealTree ├── corser@2.0.1
41 silly idealTree ├─┬ cross-spawn@3.0.1
41 silly idealTree │ └── lru-cache@4.0.2
41 silly idealTree ├── cryptiles@2.0.5
41 silly idealTree ├── currently-unhandled@0.4.1
41 silly idealTree ├── custom-event@1.0.1
41 silly idealTree ├── d@0.1.1
41 silly idealTree ├─┬ dashdash@1.14.1
41 silly idealTree │ └── assert-plus@1.0.0
41 silly idealTree ├── debug@2.2.0
41 silly idealTree ├── decamelize@1.2.0
41 silly idealTree ├── del@2.2.2
41 silly idealTree ├── delayed-stream@1.0.0
41 silly idealTree ├── delegates@1.0.0
41 silly idealTree ├── depd@1.1.0
41 silly idealTree ├── destroy@1.0.4
41 silly idealTree ├── dev-ip@1.0.1
41 silly idealTree ├── di@0.0.1
41 silly idealTree ├── diff@2.2.3
41 silly idealTree ├── dom-serialize@2.2.1
41 silly idealTree ├─┬ easy-extender@2.3.2
41 silly idealTree │ └── lodash@3.10.1
41 silly idealTree ├── eazy-logger@3.0.2
41 silly idealTree ├── ecc-jsbn@0.1.1
41 silly idealTree ├── ecstatic@1.4.1
41 silly idealTree ├── ee-first@1.1.1
41 silly idealTree ├── emitter-steward@1.0.0
41 silly idealTree ├── emojis-list@2.1.0
41 silly idealTree ├── encodeurl@1.0.1
41 silly idealTree ├─┬ engine.io-client@1.8.2
41 silly idealTree │ ├── component-emitter@1.2.1
41 silly idealTree │ ├── debug@2.3.3
41 silly idealTree │ ├── ms@0.7.2
41 silly idealTree │ └── ws@1.1.1
41 silly idealTree ├─┬ engine.io-parser@1.3.2
41 silly idealTree │ └── after@0.8.2
41 silly idealTree ├─┬ engine.io@1.8.2
41 silly idealTree │ ├── base64id@1.0.0
41 silly idealTree │ ├── debug@2.3.3
41 silly idealTree │ ├── ms@0.7.2
41 silly idealTree │ └── ws@1.1.1
41 silly idealTree ├── ent@2.2.0
41 silly idealTree ├── error-ex@1.3.0
41 silly idealTree ├── es5-ext@0.10.12
41 silly idealTree ├── es6-iterator@2.0.0
41 silly idealTree ├── es6-symbol@3.1.0
41 silly idealTree ├── escape-html@1.0.3
41 silly idealTree ├── escape-string-regexp@1.0.5
41 silly idealTree ├── etag@1.7.0
41 silly idealTree ├── eventemitter3@1.2.0
41 silly idealTree ├── exit@0.1.2
41 silly idealTree ├─┬ expand-braces@0.1.2
41 silly idealTree │ ├── braces@0.1.5
41 silly idealTree │ ├── expand-range@0.1.1
41 silly idealTree │ ├── is-number@0.1.1
41 silly idealTree │ └── repeat-string@0.2.2
41 silly idealTree ├── expand-brackets@0.1.5
41 silly idealTree ├── expand-range@1.8.2
41 silly idealTree ├─┬ express@2.5.11
41 silly idealTree │ ├── connect@1.9.2
41 silly idealTree │ ├── mime@1.2.4
41 silly idealTree │ ├── mkdirp@0.3.0
41 silly idealTree │ └── qs@0.4.2
41 silly idealTree ├── extend@3.0.0
41 silly idealTree ├── extglob@0.3.2
41 silly idealTree ├── extsprintf@1.0.2
41 silly idealTree ├── filename-regex@2.0.0
41 silly idealTree ├── fill-range@2.2.3
41 silly idealTree ├── finalhandler@0.5.0
41 silly idealTree ├── find-up@1.1.2
41 silly idealTree ├─┬ findup-sync@0.3.0
41 silly idealTree │ └── glob@5.0.15
41 silly idealTree ├── for-in@0.1.6
41 silly idealTree ├── for-own@0.1.4
41 silly idealTree ├── forever-agent@0.6.1
41 silly idealTree ├── form-data@2.1.2
41 silly idealTree ├── formidable@1.0.17
41 silly idealTree ├── fresh@0.3.0
41 silly idealTree ├── fs-access@1.0.1
41 silly idealTree ├── fs-extra@1.0.0
41 silly idealTree ├── fs.realpath@1.0.0
41 silly idealTree ├── fstream@1.0.10
41 silly idealTree ├─┬ gauge@2.7.2
41 silly idealTree │ ├── ansi-regex@2.1.1
41 silly idealTree │ └── strip-ansi@3.0.1
41 silly idealTree ├── gaze@1.1.2
41 silly idealTree ├── generate-function@2.0.0
41 silly idealTree ├── generate-object-property@1.2.0
41 silly idealTree ├── get-caller-file@1.0.2
41 silly idealTree ├── get-stdin@4.0.1
41 silly idealTree ├─┬ getpass@0.1.6
41 silly idealTree │ └── assert-plus@1.0.0
41 silly idealTree ├── glob-base@0.3.0
41 silly idealTree ├── glob-parent@2.0.0
41 silly idealTree ├── glob@7.1.1
41 silly idealTree ├── globby@5.0.0
41 silly idealTree ├─┬ globule@1.1.0
41 silly idealTree │ └── lodash@4.16.6
41 silly idealTree ├── graceful-fs@4.1.11
41 silly idealTree ├── graceful-readlink@1.0.1
41 silly idealTree ├─┬ har-validator@2.0.6
41 silly idealTree │ ├── ansi-regex@2.0.0
41 silly idealTree │ ├── ansi-styles@2.2.1
41 silly idealTree │ ├── chalk@1.1.3
41 silly idealTree │ ├── commander@2.9.0
41 silly idealTree │ ├── has-ansi@2.0.0
41 silly idealTree │ ├── strip-ansi@3.0.1
41 silly idealTree │ └── supports-color@2.0.0
41 silly idealTree ├── has-ansi@0.1.0
41 silly idealTree ├─┬ has-binary@0.1.7
41 silly idealTree │ └── isarray@0.0.1
41 silly idealTree ├── has-cors@1.1.0
41 silly idealTree ├── has-unicode@2.0.1
41 silly idealTree ├── hawk@3.1.3
41 silly idealTree ├── he@0.5.0
41 silly idealTree ├── hoek@2.16.3
41 silly idealTree ├── hosted-git-info@2.1.5
41 silly idealTree ├── http-errors@1.5.1
41 silly idealTree ├── http-proxy@1.16.2
41 silly idealTree ├── http-server@0.9.0
41 silly idealTree ├── http-signature@1.1.1
41 silly idealTree ├── https-proxy-agent@1.0.0
41 silly idealTree ├── iconv-lite@0.4.15
41 silly idealTree ├── immutable@3.8.1
41 silly idealTree ├── in-publish@2.0.0
41 silly idealTree ├── indent-string@2.1.0
41 silly idealTree ├── indexof@0.0.1
41 silly idealTree ├── inflight@1.0.6
41 silly idealTree ├── inherits@2.0.3
41 silly idealTree ├── ini@1.3.4
41 silly idealTree ├── invert-kv@1.0.0
41 silly idealTree ├── is-arrayish@0.2.1
41 silly idealTree ├── is-binary-path@1.0.1
41 silly idealTree ├── is-buffer@1.1.4
41 silly idealTree ├── is-builtin-module@1.0.0
41 silly idealTree ├── is-dotfile@1.0.2
41 silly idealTree ├── is-equal-shallow@0.1.3
41 silly idealTree ├── is-extendable@0.1.1
41 silly idealTree ├── is-extglob@1.0.0
41 silly idealTree ├── is-finite@1.0.2
41 silly idealTree ├── is-fullwidth-code-point@1.0.0
41 silly idealTree ├── is-glob@2.0.1
41 silly idealTree ├── is-my-json-valid@2.15.0
41 silly idealTree ├── is-number-like@1.0.7
41 silly idealTree ├── is-number@2.1.0
41 silly idealTree ├── is-path-cwd@1.0.0
41 silly idealTree ├── is-path-in-cwd@1.0.0
41 silly idealTree ├── is-path-inside@1.0.0
41 silly idealTree ├── is-posix-bracket@0.1.1
41 silly idealTree ├── is-primitive@2.0.0
41 silly idealTree ├── is-property@1.0.2
41 silly idealTree ├── is-typedarray@1.0.0
41 silly idealTree ├── is-utf8@0.2.1
41 silly idealTree ├── isarray@1.0.0
41 silly idealTree ├── isbinaryfile@3.0.2
41 silly idealTree ├── isexe@1.1.2
41 silly idealTree ├── isobject@2.1.0
41 silly idealTree ├── isstream@0.1.2
41 silly idealTree ├── jasmine-core@2.4.1
41 silly idealTree ├─┬ jasmine@2.4.1
41 silly idealTree │ ├── glob@3.2.11
41 silly idealTree │ └── minimatch@0.3.0
41 silly idealTree ├── jasminewd2@0.0.10
41 silly idealTree ├── jodid25519@1.0.2
41 silly idealTree ├── jsbn@0.1.0
41 silly idealTree ├── json-schema@0.2.3
41 silly idealTree ├── json-stringify-safe@5.0.1
41 silly idealTree ├── json3@3.3.2
41 silly idealTree ├── json5@0.5.1
41 silly idealTree ├── jsonfile@2.4.0
41 silly idealTree ├── jsonpointer@4.0.1
41 silly idealTree ├── jsprim@1.3.1
41 silly idealTree ├── karma-chrome-launcher@2.0.0
41 silly idealTree ├── karma-cli@1.0.1
41 silly idealTree ├── karma-jasmine-html-reporter@0.2.2
41 silly idealTree ├── karma-jasmine@1.1.0
41 silly idealTree ├─┬ karma@1.4.1
41 silly idealTree │ ├── bluebird@3.4.7
41 silly idealTree │ ├── colors@1.1.2
41 silly idealTree │ └── lodash@3.10.1
41 silly idealTree ├── kind-of@3.1.0
41 silly idealTree ├── klaw@1.3.1
41 silly idealTree ├── lcid@1.0.0
41 silly idealTree ├── limiter@1.1.0
41 silly idealTree ├── lite-server@2.2.2
41 silly idealTree ├── load-json-file@1.1.0
41 silly idealTree ├── loader-utils@0.2.16
41 silly idealTree ├─┬ localtunnel@1.8.2
41 silly idealTree │ └── yargs@3.29.0
41 silly idealTree ├── lodash.assign@4.2.0
41 silly idealTree ├── lodash.clonedeep@4.5.0
41 silly idealTree ├── lodash.isfinite@3.3.2
41 silly idealTree ├── lodash.mergewith@4.6.0
41 silly idealTree ├── lodash@4.17.4
41 silly idealTree ├─┬ log4js@0.6.38
41 silly idealTree │ ├── isarray@0.0.1
41 silly idealTree │ └── readable-stream@1.0.34
41 silly idealTree ├── loud-rejection@1.6.0
41 silly idealTree ├── lru-cache@2.2.4
41 silly idealTree ├── magic-string@0.14.0
41 silly idealTree ├── map-obj@1.0.1
41 silly idealTree ├── media-typer@0.3.0
41 silly idealTree ├── meow@3.7.0
41 silly idealTree ├── micromatch@2.3.11
41 silly idealTree ├── mime-db@1.25.0
41 silly idealTree ├── mime-types@2.1.13
41 silly idealTree ├── mime@1.3.4
41 silly idealTree ├── minimatch@3.0.3
41 silly idealTree ├── minimist@1.2.0
41 silly idealTree ├─┬ mkdirp@0.5.1
41 silly idealTree │ └── minimist@0.0.8
41 silly idealTree ├── moment@2.17.1
41 silly idealTree ├── ms@0.7.1
41 silly idealTree ├── nan@2.5.1
41 silly idealTree ├── negotiator@0.6.1
41 silly idealTree ├── ngx-dropdown@0.0.22
41 silly idealTree ├── node-gyp@3.5.0
41 silly idealTree ├─┬ node-sass@4.5.0
41 silly idealTree │ ├── ansi-regex@2.1.1
41 silly idealTree │ ├── ansi-styles@2.2.1
41 silly idealTree │ ├── chalk@1.1.3
41 silly idealTree │ ├── has-ansi@2.0.0
41 silly idealTree │ ├── strip-ansi@3.0.1
41 silly idealTree │ └── supports-color@2.0.0
41 silly idealTree ├── node-uuid@1.4.7
41 silly idealTree ├── nopt@3.0.6
41 silly idealTree ├── normalize-package-data@2.3.5
41 silly idealTree ├── normalize-path@2.0.1
41 silly idealTree ├── npmlog@4.0.2
41 silly idealTree ├── null-check@1.0.0
41 silly idealTree ├── number-is-nan@1.0.1
41 silly idealTree ├── oauth-sign@0.8.2
41 silly idealTree ├── object-assign@4.1.0
41 silly idealTree ├── object-component@0.0.3
41 silly idealTree ├── object-path@0.9.2
41 silly idealTree ├── object.omit@2.0.1
41 silly idealTree ├── on-finished@2.3.0
41 silly idealTree ├── once@1.4.0
41 silly idealTree ├── opener@1.4.2
41 silly idealTree ├── openurl@1.1.0
41 silly idealTree ├── opn@4.0.2
41 silly idealTree ├─┬ optimist@0.6.1
41 silly idealTree │ └── minimist@0.0.10
41 silly idealTree ├── options@0.0.6
41 silly idealTree ├── os-homedir@1.0.2
41 silly idealTree ├── os-locale@1.4.0
41 silly idealTree ├── os-tmpdir@1.0.2
41 silly idealTree ├── osenv@0.1.4
41 silly idealTree ├── parse-glob@3.0.4
41 silly idealTree ├── parse-json@2.2.0
41 silly idealTree ├── parsejson@0.0.3
41 silly idealTree ├── parseqs@0.0.5
41 silly idealTree ├── parseuri@0.0.5
41 silly idealTree ├── parseurl@1.3.1
41 silly idealTree ├── path-exists@2.1.0
41 silly idealTree ├── path-is-absolute@1.0.1
41 silly idealTree ├── path-is-inside@1.0.2
41 silly idealTree ├── path-type@1.1.0
41 silly idealTree ├── pify@2.3.0
41 silly idealTree ├── pinkie-promise@2.0.1
41 silly idealTree ├── pinkie@2.0.4
41 silly idealTree ├── portfinder@0.4.0
41 silly idealTree ├─┬ portscanner@2.1.1
41 silly idealTree │ └── async@1.5.2
41 silly idealTree ├── preserve@0.2.0
41 silly idealTree ├── process-nextick-args@1.0.7
41 silly idealTree ├─┬ protractor@4.0.14
41 silly idealTree │ ├── ansi-regex@2.0.0
41 silly idealTree │ ├── ansi-styles@2.2.1
41 silly idealTree │ ├── chalk@1.1.3
41 silly idealTree │ ├── has-ansi@2.0.0
41 silly idealTree │ ├── semver@5.3.0
41 silly idealTree │ ├── strip-ansi@3.0.1
41 silly idealTree │ ├── supports-color@2.0.0
41 silly idealTree │ └── webdriver-manager@10.3.0
41 silly idealTree ├── pseudomap@1.0.2
41 silly idealTree ├── punycode@1.4.1
41 silly idealTree ├── q@1.4.1
41 silly idealTree ├── qjobs@1.1.5
41 silly idealTree ├── qs@2.3.3
41 silly idealTree ├── randomatic@1.1.6
41 silly idealTree ├── range-parser@1.2.0
41 silly idealTree ├── raw-body@2.2.0
41 silly idealTree ├── raw-loader@0.5.1
41 silly idealTree ├── read-pkg-up@1.0.1
41 silly idealTree ├── read-pkg@1.1.0
41 silly idealTree ├── readable-stream@2.2.2
41 silly idealTree ├── readdirp@2.1.0
41 silly idealTree ├── redent@1.0.0
41 silly idealTree ├── reflect-metadata@0.1.9
41 silly idealTree ├── regex-cache@0.4.3
41 silly idealTree ├── repeat-element@1.1.2
41 silly idealTree ├── repeat-string@1.6.1
41 silly idealTree ├── repeating@2.0.1
41 silly idealTree ├─┬ request@2.78.0
41 silly idealTree │ └── qs@6.3.0
41 silly idealTree ├── require-directory@2.1.1
41 silly idealTree ├── require-main-filename@1.0.1
41 silly idealTree ├── requires-port@1.0.0
41 silly idealTree ├── resolve@1.2.0
41 silly idealTree ├── resp-modifier@6.0.2
41 silly idealTree ├── rimraf@2.5.4
41 silly idealTree ├── rx@2.3.24
41 silly idealTree ├── rxjs@5.0.1
41 silly idealTree ├── safe-buffer@5.0.1
41 silly idealTree ├─┬ sass-graph@2.1.2
41 silly idealTree │ ├── camelcase@3.0.0
41 silly idealTree │ ├── window-size@0.2.0
41 silly idealTree │ ├── yargs-parser@2.4.1
41 silly idealTree │ └── yargs@4.8.1
41 silly idealTree ├─┬ sass-loader@4.1.1
41 silly idealTree │ └── async@2.1.4
41 silly idealTree ├── saucelabs@1.3.0
41 silly idealTree ├── sax@0.6.1
41 silly idealTree ├─┬ selenium-webdriver@2.53.3
41 silly idealTree │ ├── adm-zip@0.4.4
41 silly idealTree │ └── tmp@0.0.24
41 silly idealTree ├── semver@4.3.6
41 silly idealTree ├── send@0.14.1
41 silly idealTree ├─┬ serve-index@1.8.0
41 silly idealTree │ ├── accepts@1.3.3
41 silly idealTree │ └── negotiator@0.6.1
41 silly idealTree ├── serve-static@1.11.1
41 silly idealTree ├── server-destroy@1.0.1
41 silly idealTree ├── set-blocking@2.0.0
41 silly idealTree ├── set-immediate-shim@1.0.1
41 silly idealTree ├── setprototypeof@1.0.2
41 silly idealTree ├── sigmund@1.0.1
41 silly idealTree ├── signal-exit@3.0.2
41 silly idealTree ├── sntp@1.0.9
41 silly idealTree ├─┬ socket.io-adapter@0.5.0
41 silly idealTree │ ├── debug@2.3.3
41 silly idealTree │ └── ms@0.7.2
41 silly idealTree ├─┬ socket.io-client@1.7.2
41 silly idealTree │ ├── component-emitter@1.2.1
41 silly idealTree │ ├── debug@2.3.3
41 silly idealTree │ └── ms@0.7.2
41 silly idealTree ├─┬ socket.io-parser@2.3.1
41 silly idealTree │ └── isarray@0.0.1
41 silly idealTree ├─┬ socket.io@1.7.2
41 silly idealTree │ ├── debug@2.3.3
41 silly idealTree │ └── ms@0.7.2
41 silly idealTree ├── source-map-support@0.4.8
41 silly idealTree ├── source-map@0.5.6
41 silly idealTree ├── spawn-default-shell@1.1.0
41 silly idealTree ├── spdx-correct@1.0.2
41 silly idealTree ├── spdx-expression-parse@1.0.4
41 silly idealTree ├── spdx-license-ids@1.2.2
41 silly idealTree ├── sprintf-js@1.0.3
41 silly idealTree ├─┬ sshpk@1.10.1
41 silly idealTree │ └── assert-plus@1.0.0
41 silly idealTree ├── statuses@1.3.1
41 silly idealTree ├── stdout-stream@1.4.0
41 silly idealTree ├── stream-throttle@0.1.3
41 silly idealTree ├── string_decoder@0.10.31
41 silly idealTree ├─┬ string-width@1.0.2
41 silly idealTree │ ├── ansi-regex@2.0.0
41 silly idealTree │ └── strip-ansi@3.0.1
41 silly idealTree ├── stringstream@0.0.5
41 silly idealTree ├── strip-ansi@0.3.0
41 silly idealTree ├── strip-bom@2.0.0
41 silly idealTree ├── strip-indent@1.0.1
41 silly idealTree ├── supports-color@0.2.0
41 silly idealTree ├── symbol-observable@1.0.4
41 silly idealTree ├── systemjs@0.19.40
41 silly idealTree ├── tar@2.2.1
41 silly idealTree ├─┬ tfunk@3.1.0
41 silly idealTree │ ├── ansi-regex@2.0.0
41 silly idealTree │ ├── ansi-styles@2.2.1
41 silly idealTree │ ├── chalk@1.1.3
41 silly idealTree │ ├── has-ansi@2.0.0
41 silly idealTree │ ├── strip-ansi@3.0.1
41 silly idealTree │ └── supports-color@2.0.0
41 silly idealTree ├── tmp@0.0.28
41 silly idealTree ├── to-array@0.1.4
41 silly idealTree ├── tough-cookie@2.3.2
41 silly idealTree ├── tree-kill@1.1.0
41 silly idealTree ├── trim-newlines@1.0.0
41 silly idealTree ├─┬ tslint@3.15.1
41 silly idealTree │ └── colors@1.1.2
41 silly idealTree ├── tunnel-agent@0.4.3
41 silly idealTree ├── tweetnacl@0.14.5
41 silly idealTree ├── type-is@1.6.14
41 silly idealTree ├── typescript@2.0.10
41 silly idealTree ├── ua-parser-js@0.7.12
41 silly idealTree ├── ultron@1.0.2
41 silly idealTree ├── underscore.string@3.3.4
41 silly idealTree ├── underscore@1.7.0
41 silly idealTree ├── union@0.4.6
41 silly idealTree ├── unpipe@1.0.0
41 silly idealTree ├── url-join@1.1.0
41 silly idealTree ├── useragent@2.1.11
41 silly idealTree ├── util-deprecate@1.0.2
41 silly idealTree ├── utils-merge@1.0.0
41 silly idealTree ├── validate-npm-package-license@3.0.1
41 silly idealTree ├── verror@1.3.6
41 silly idealTree ├── vlq@0.2.1
41 silly idealTree ├── void-elements@2.0.1
41 silly idealTree ├── weinre@2.0.0-pre-I0Z7U9OV
41 silly idealTree ├── when@3.7.7
41 silly idealTree ├── which-module@1.0.0
41 silly idealTree ├── which@1.2.12
41 silly idealTree ├── wide-align@1.1.0
41 silly idealTree ├── window-size@0.1.4
41 silly idealTree ├── wordwrap@0.0.3
41 silly idealTree ├─┬ wrap-ansi@2.1.0
41 silly idealTree │ ├── ansi-regex@2.0.0
41 silly idealTree │ └── strip-ansi@3.0.1
41 silly idealTree ├── wrappy@1.0.2
41 silly idealTree ├── ws@1.0.1
41 silly idealTree ├── wtf-8@1.0.0
41 silly idealTree ├── xml2js@0.4.4
41 silly idealTree ├── xmlbuilder@8.2.2
41 silly idealTree ├── xmlhttprequest-ssl@1.5.3
41 silly idealTree ├── xtend@4.0.1
41 silly idealTree ├── y18n@3.2.1
41 silly idealTree ├── yallist@2.0.0
41 silly idealTree ├─┬ yargs-parser@4.2.1
41 silly idealTree │ └── camelcase@3.0.0
41 silly idealTree ├─┬ yargs@6.4.0
41 silly idealTree │ ├── camelcase@3.0.0
41 silly idealTree │ └── window-size@0.2.0
41 silly idealTree ├── yeast@0.1.2
41 silly idealTree └── zone.js@0.7.6
42 silly generateActionsToTake Starting
43 silly install generateActionsToTake
44 silly generateActionsToTake Finishing
45 silly diffTrees action count 0
46 silly decomposeActions action count 0
47 silly runTopLevelLifecycles Starting
48 silly install runPreinstallTopLevelLifecycles
49 silly preinstall LunchApp@1.0.0 /home/debuser/new_app/med_app/public/LunchApp-c6a5f342
50 info lifecycle LunchApp@1.0.0~preinstall: LunchApp@1.0.0
51 silly lifecycle LunchApp@1.0.0~preinstall: no script for preinstall, continuing
52 silly executeActions Starting
53 silly install executeActions
54 silly doSerial global-install 0
55 silly doParallel fetch 0
56 verbose correctMkdir /home/debuser/.npm/_locks correctMkdir not in flight; initializing
57 verbose lock using /home/debuser/.npm/_locks/staging-7f926c7bd89926d8.lock for /home/debuser/new_app/med_app/public/node_modules/.staging
58 silly doParallel extract 0
59 silly doParallel preinstall 0
60 silly doReverseSerial remove 0
61 silly doSerial move 0
62 silly doSerial finalize 0
63 silly doSerial build 0
64 silly doSerial global-link 0
65 silly doParallel update-linked 0
66 silly doSerial install 0
67 silly doSerial postinstall 0
68 verbose unlock done using /home/debuser/.npm/_locks/staging-7f926c7bd89926d8.lock for /home/debuser/new_app/med_app/public/node_modules/.staging
69 silly executeActions Finishing
70 silly rollbackFailedOptional Starting
71 silly rollbackFailedOptional Finishing
72 silly install runPostinstallTopLevelLifecycles
73 silly build LunchApp@1.0.0
74 info linkStuff LunchApp@1.0.0
75 silly linkStuff LunchApp@1.0.0 has /home/debuser/new_app/med_app as its parent node_modules
76 verbose linkBins LunchApp@1.0.0
77 verbose linkMans LunchApp@1.0.0
78 silly install LunchApp@1.0.0 /home/debuser/new_app/med_app/public/LunchApp-c6a5f342
79 info lifecycle LunchApp@1.0.0~install: LunchApp@1.0.0
80 silly lifecycle LunchApp@1.0.0~install: no script for install, continuing
81 silly postinstall LunchApp@1.0.0 /home/debuser/new_app/med_app/public/LunchApp-c6a5f342
82 info lifecycle LunchApp@1.0.0~postinstall: LunchApp@1.0.0
83 verbose lifecycle LunchApp@1.0.0~postinstall: unsafe-perm in lifecycle true
84 verbose lifecycle LunchApp@1.0.0~postinstall: PATH: /usr/lib/node_modules/npm/bin/node-gyp-bin:/home/debuser/new_app/med_app/public/node_modules/.bin:/usr/local/bin:/usr/bin:/bin:/usr/local/games:/usr/games:/home/debuser/.rvm/bin
85 verbose lifecycle LunchApp@1.0.0~postinstall: CWD: /home/debuser/new_app/med_app/public
86 silly lifecycle LunchApp@1.0.0~postinstall: Args: [ '-c', 'bower install' ]
87 silly lifecycle LunchApp@1.0.0~postinstall: Returned: code: 1  signal: null
88 info lifecycle LunchApp@1.0.0~postinstall: Failed to exec postinstall script
89 warn optional SKIPPING OPTIONAL DEPENDENCY: fsevents@^1.0.0 (node_modules/chokidar/node_modules/fsevents):
90 warn notsup SKIPPING OPTIONAL DEPENDENCY: Unsupported platform for fsevents@1.0.17: wanted {"os":"darwin","arch":"any"} (current: {"os":"linux","arch":"x64"})
91 verbose notsup SKIPPING OPTIONAL DEPENDENCY: Valid OS:    darwin
91 verbose notsup SKIPPING OPTIONAL DEPENDENCY: Valid Arch:  any
91 verbose notsup SKIPPING OPTIONAL DEPENDENCY: Actual OS:   linux
91 verbose notsup SKIPPING OPTIONAL DEPENDENCY: Actual Arch: x64
92 warn sass-loader@4.1.1 requires a peer of webpack@^2 || ^2.2.0-rc.0 || ^2.1.0-beta || ^1.12.6 but none was installed.
93 verbose If you need help, you may report this error at:
93 verbose     <https://github.com/npm/npm/issues>
94 verbose stack Error: LunchApp@1.0.0 postinstall: `bower install`
94 verbose stack Exit status 1
94 verbose stack     at EventEmitter.<anonymous> (/usr/lib/node_modules/npm/lib/utils/lifecycle.js:255:16)
94 verbose stack     at emitTwo (events.js:106:13)
94 verbose stack     at EventEmitter.emit (events.js:191:7)
94 verbose stack     at ChildProcess.<anonymous> (/usr/lib/node_modules/npm/lib/utils/spawn.js:40:14)
94 verbose stack     at emitTwo (events.js:106:13)
94 verbose stack     at ChildProcess.emit (events.js:191:7)
94 verbose stack     at maybeClose (internal/child_process.js:885:16)
94 verbose stack     at Process.ChildProcess._handle.onexit (internal/child_process.js:226:5)
95 verbose pkgid LunchApp@1.0.0
96 verbose cwd /home/debuser/new_app/med_app/public
97 error Linux 3.16.0-4-amd64
98 error argv "/usr/bin/nodejs" "/usr/bin/npm" "install"
99 error node v7.1.0
100 error npm  v3.10.9
101 error code ELIFECYCLE
102 error LunchApp@1.0.0 postinstall: `bower install`
102 error Exit status 1
103 error Failed at the LunchApp@1.0.0 postinstall script 'bower install'.
103 error Make sure you have the latest version of node.js and npm installed.
103 error If you do, this is most likely a problem with the LunchApp package,
103 error not with npm itself.
103 error Tell the author that this fails on your system:
103 error     bower install
103 error You can get information on how to open an issue for this project with:
103 error     npm bugs LunchApp
103 error Or if that isn't available, you can get their info via:
103 error     npm owner ls LunchApp
103 error There is likely additional logging output above.
104 verbose exit [ 1, true ]
